<?xml version="1.0" encoding="UTF-8"?>
<!-- Generated by org.testng.reporters.JUnitXMLReporter -->
<testsuite ignored="0" hostname="DESKTOP-CCE3ESB" failures="0" tests="3" name="Default test" time="9.449" errors="0" timestamp="2025-12-01T12:13:28 IST">
  <testcase classname="ra_program.RATestng" name="addplace" time="4.14"/>
  <testcase classname="ra_program.RATestng" name="updateplace" time="2.96"/>
  <testcase classname="ra_program.RATestng" name="getplace" time="2.253"/>
</testsuite> <!-- Default test -->
