<?xml version="1.0" encoding="UTF-8"?>
<!-- Generated by org.testng.reporters.JUnitReportReporter -->
<testsuite hostname="DESKTOP-CCE3ESB" failures="0" tests="3" name="TestPackage.TestNGAnnotation" time="0.029" errors="0" timestamp="2025-12-22T17:37:51 IST" skipped="1">
  <testcase classname="TestPackage.TestNGAnnotation" name="ts3" time="0.003"/>
  <testcase classname="TestPackage.TestNGAnnotation" name="ts1" time="0.026"/>
  <testcase classname="TestPackage.TestNGAnnotation" name="ts2">
    <skipped/>
  </testcase> <!-- ts2 -->
</testsuite> <!-- TestPackage.TestNGAnnotation -->
