<?xml version="1.0" encoding="UTF-8"?>
<testng-results ignored="0" total="2" passed="2" failed="0" skipped="0">
  <reporter-output>
  </reporter-output>
  <suite started-at="2025-12-22T17:37:51 IST" name="Surefire suite" finished-at="2025-12-22T17:37:51 IST" duration-ms="129">
    <groups>
    </groups>
    <test started-at="2025-12-22T17:37:51 IST" name="Surefire test" finished-at="2025-12-22T17:37:51 IST" duration-ms="129">
      <class name="TestPackage.TestNGAnnotation">
        <test-method is-config="true" signature="beforeMethod()[pri:0, instance:TestPackage.TestNGAnnotation@7ee955a8]" started-at="2025-12-22T17:37:51 IST" name="beforeMethod" finished-at="2025-12-22T17:37:51 IST" duration-ms="17" status="PASS">
          <reporter-output>
          </reporter-output>
        </test-method> <!-- beforeMethod -->
        <test-method signature="ts1()[pri:0, instance:TestPackage.TestNGAnnotation@7ee955a8]" started-at="2025-12-22T17:37:51 IST" name="ts1" finished-at="2025-12-22T17:37:51 IST" duration-ms="8" status="PASS">
          <reporter-output>
          </reporter-output>
        </test-method> <!-- ts1 -->
        <test-method is-config="true" signature="afterMethod()[pri:0, instance:TestPackage.TestNGAnnotation@7ee955a8]" started-at="2025-12-22T17:37:51 IST" name="afterMethod" finished-at="2025-12-22T17:37:51 IST" duration-ms="1" status="PASS">
          <reporter-output>
          </reporter-output>
        </test-method> <!-- afterMethod -->
        <test-method is-config="true" signature="beforeMethod()[pri:0, instance:TestPackage.TestNGAnnotation@7ee955a8]" started-at="2025-12-22T17:37:51 IST" name="beforeMethod" finished-at="2025-12-22T17:37:51 IST" duration-ms="1" status="PASS">
          <reporter-output>
          </reporter-output>
        </test-method> <!-- beforeMethod -->
        <test-method signature="ts3()[pri:0, instance:TestPackage.TestNGAnnotation@7ee955a8]" started-at="2025-12-22T17:37:51 IST" name="ts3" finished-at="2025-12-22T17:37:51 IST" duration-ms="1" status="PASS">
          <reporter-output>
          </reporter-output>
        </test-method> <!-- ts3 -->
        <test-method is-config="true" signature="afterMethod()[pri:0, instance:TestPackage.TestNGAnnotation@7ee955a8]" started-at="2025-12-22T17:37:51 IST" name="afterMethod" finished-at="2025-12-22T17:37:51 IST" duration-ms="1" status="PASS">
          <reporter-output>
          </reporter-output>
        </test-method> <!-- afterMethod -->
      </class> <!-- TestPackage.TestNGAnnotation -->
    </test> <!-- Surefire test -->
  </suite> <!-- Surefire suite -->
</testng-results>
