<?xml version="1.0" encoding="UTF-8"?>
<!-- Generated by org.testng.reporters.JUnitXMLReporter -->
<testsuite ignored="1" hostname="DESKTOP-CCE3ESB" failures="0" tests="2" name="Surefire test" time="0.129" errors="0" timestamp="2025-12-22T17:37:51 IST">
  <testcase classname="TestPackage.TestNGAnnotation" name="ts1" time="0.008"/>
  <testcase classname="TestPackage.TestNGAnnotation" name="ts3" time="0.001"/>
  <testcase classname="TestPackage.TestNGAnnotation" name="ts2" time="0.0">
    <ignored/>
  </testcase> <!-- ts2 -->
</testsuite> <!-- Surefire test -->
