<?xml version="1.0" encoding="UTF-8"?>
<!-- Generated by org.testng.reporters.JUnitReportReporter -->
<testsuite hostname="DESKTOP-CCE3ESB" failures="0" tests="3" name="ra_program.RATestng" time="9.353" errors="0" timestamp="2025-12-01T12:13:28 IST" skipped="0">
  <testcase classname="ra_program.RATestng" name="addplace" time="4.140"/>
  <testcase classname="ra_program.RATestng" name="getplace" time="2.253"/>
  <testcase classname="ra_program.RATestng" name="updateplace" time="2.960"/>
</testsuite> <!-- ra_program.RATestng -->
